{"level":"info","message":"Listening on port 3001..."}
{"level":"info","message":"Connected to MongoDB..."}
{"level":"info","message":"Email sent: 250 2.0.0 OK  1698348136 h10-20020a1709062dca00b009786c8249d6sm49584eji.175 - gsmtp"}
{"level":"info","message":"Email sent: 250 2.0.0 OK  1698348443 w26-20020a50fa9a000000b0053e799314d7sm55917edr.73 - gsmtp"}
{"level":"info","message":"Email sent: 250 2.0.0 OK  1698348866 u7-20020a816007000000b0059b50f126fbsm6230885ywb.114 - gsmtp"}
{"level":"info","message":"Listening on port 3001..."}
{"level":"info","message":"Connected to MongoDB..."}
{"level":"info","message":"Listening on port 3001..."}
{"level":"info","message":"Connected to MongoDB..."}
{"level":"info","message":"Listening on port 3001..."}
{"level":"info","message":"Connected to MongoDB..."}
{"level":"info","message":"Listening on port 3001..."}
{"level":"info","message":"Connected to MongoDB..."}
{"level":"info","message":"Listening on port 3001..."}
{"level":"info","message":"Connected to MongoDB..."}
{"level":"info","message":"Listening on port 3001..."}
{"level":"info","message":"Connected to MongoDB..."}
{"level":"info","message":"Listening on port 3001..."}
{"level":"info","message":"Connected to MongoDB..."}
{"level":"info","message":"Listening on port 3001..."}
{"level":"info","message":"Connected to MongoDB..."}
{"level":"info","message":"Listening on port 3001..."}
{"level":"info","message":"Connected to MongoDB..."}
{"level":"info","message":"Listening on port 3001..."}
{"level":"info","message":"Connected to MongoDB..."}
{"level":"info","message":"Listening on port 3001..."}
{"level":"info","message":"Listening on port 3001..."}
{"level":"info","message":"Connected to MongoDB..."}
{"level":"info","message":"Listening on port 3001..."}
{"level":"info","message":"Connected to MongoDB..."}
{"level":"info","message":"Email sent: 250 2.0.0 OK  1698354490 185-20020a2503c2000000b00d814d8dfd69sm84453ybd.27 - gsmtp"}
{"level":"info","message":"Listening on port 3001..."}
{"level":"info","message":"Connected to MongoDB..."}
{"level":"info","message":"Listening on port 3001..."}
{"level":"info","message":"Connected to MongoDB..."}
{"level":"info","message":"Listening on port 3001..."}
{"level":"info","message":"Connected to MongoDB..."}
{"level":"info","message":"Listening on port 3001..."}
{"level":"info","message":"Connected to MongoDB..."}
{"level":"info","message":"Listening on port 3001..."}
{"level":"info","message":"Connected to MongoDB..."}
{"level":"info","message":"Listening on port 3001..."}
{"level":"info","message":"Connected to MongoDB..."}
{"level":"info","message":"Email sent: 250 2.0.0 OK  1698360388 r23-20020a170906365700b009aa292a2df2sm242123ejb.217 - gsmtp"}
{"level":"info","message":"Email sent: 250 2.0.0 OK  1698360474 d7-20020a170906370700b009bf7a4d591bsm250850ejc.45 - gsmtp"}
{"level":"info","message":"Email sent: 250 2.0.0 OK  1698360551 s4-20020a0de904000000b0058fc7604f45sm124329ywe.130 - gsmtp"}
{"level":"info","message":"Listening on port 3001..."}
{"level":"info","message":"Connected to MongoDB..."}
{"level":"info","message":"Listening on port 3001..."}
{"level":"info","message":"Connected to MongoDB..."}
{"level":"info","message":"Listening on port 3001..."}
{"level":"info","message":"Connected to MongoDB..."}
{"level":"info","message":"Listening on port 3001..."}
{"level":"info","message":"Connected to MongoDB..."}
{"level":"info","message":"Email sent: 250 2.0.0 OK  1698360659 c8-20020a056402100800b0053e625da9absm253490edu.41 - gsmtp"}
{"level":"info","message":"Email sent: 250 2.0.0 OK  1698360694 rp28-20020a170906d97c00b009a9fbeb15f5sm254814ejb.46 - gsmtp"}
{"level":"info","message":"Email sent: 250 2.0.0 OK  1698361039 ha11-20020a170906a88b00b0099bc80d5575sm248301ejb.200 - gsmtp"}
{"level":"info","message":"Listening on port 3001..."}
{"level":"info","message":"Connected to MongoDB..."}
{"level":"info","message":"Email sent: 250 2.0.0 OK  1698361113 a25-20020aa7cf19000000b00540f4715289sm255119edy.61 - gsmtp"}
{"level":"info","message":"Listening on port 3001..."}
{"level":"info","message":"Connected to MongoDB..."}
{"level":"info","message":"Listening on port 3001..."}
{"level":"info","message":"Connected to MongoDB..."}
{"level":"info","message":"Listening on port 3001..."}
{"level":"info","message":"Connected to MongoDB..."}
{"level":"info","message":"Listening on port 3001..."}
{"level":"info","message":"Connected to MongoDB..."}
{"level":"info","message":"Listening on port 3001..."}
{"level":"info","message":"Connected to MongoDB..."}
{"level":"info","message":"Listening on port 3001..."}
{"level":"info","message":"Connected to MongoDB..."}
{"level":"info","message":"Listening on port 3001..."}
{"level":"info","message":"Connected to MongoDB..."}
{"level":"info","message":"Listening on port 3001..."}
{"level":"info","message":"Connected to MongoDB..."}
{"level":"info","message":"Listening on port 3001..."}
{"level":"info","message":"Connected to MongoDB..."}
{"level":"info","message":"Listening on port 3001..."}
{"level":"info","message":"Connected to MongoDB..."}
{"level":"info","message":"Listening on port 3001..."}
{"level":"info","message":"Connected to MongoDB..."}
{"level":"info","message":"Listening on port 3001..."}
{"level":"info","message":"Connected to MongoDB..."}
{"level":"info","message":"Listening on port 3001..."}
{"level":"info","message":"Connected to MongoDB..."}
{"level":"info","message":"Listening on port 3001..."}
{"level":"info","message":"Connected to MongoDB..."}
{"level":"info","message":"Listening on port 3001..."}
{"level":"info","message":"Connected to MongoDB..."}
{"level":"info","message":"Listening on port 3001..."}
{"level":"info","message":"Connected to MongoDB..."}
{"level":"info","message":"Listening on port 3001..."}
{"level":"info","message":"Connected to MongoDB..."}
{"level":"info","message":"Listening on port 3001..."}
{"level":"info","message":"Connected to MongoDB..."}
{"level":"info","message":"Listening on port 3001..."}
{"level":"info","message":"Connected to MongoDB..."}
{"level":"info","message":"Listening on port 3001..."}
{"level":"info","message":"Connected to MongoDB..."}
{"level":"info","message":"Listening on port 3001..."}
{"level":"info","message":"Connected to MongoDB..."}
{"level":"info","message":"Listening on port 3001..."}
{"level":"info","message":"Connected to MongoDB..."}
{"level":"info","message":"Listening on port 3001..."}
{"level":"info","message":"Connected to MongoDB..."}
{"level":"info","message":"Listening on port 3001..."}
{"level":"info","message":"Connected to MongoDB..."}
{"level":"info","message":"Listening on port 3001..."}
{"level":"info","message":"Connected to MongoDB..."}
{"level":"info","message":"Listening on port 3001..."}
{"level":"info","message":"Connected to MongoDB..."}
